FizzBuzz
1
2
3
4
5
6
7
8
9
10
Fizz
12
Buzz
14
15
16
17
18
19
20
21
Fizz
23
24
25
Buzz
27
28
29
30
31
32
Fizz
34
35
36
37
38
Buzz
40
41
42
43
Fizz
45
46
47
48
49
50
51
Buzz
53
54
Fizz
56
57
58
59
60
61
62
63
64
Buzz
Fizz
67
68
69
70
71
72
73
74
75
76
Fizz
Buzz
79
80
81
82
83
84
85
86
87
Fizz
89
90
Buzz
92
93
94
95
96
97
98
Fizz
100
101
102
103
Buzz
105
106
107
108
109
Fizz
111
112
113
114
115
116
Buzz
118
119
120
Fizz
122
123
124
125
126
127
128
129
Buzz
131
Fizz
133
134
135
136
137
138
139
140
141
142
FizzBuzz
144
145
146
147
148
149
150
151
152
153
Fizz
155
Buzz
157
158
159
160
161
162
163
164
Fizz
166
167
168
Buzz
170
171
172
173
174
175
Fizz
177
178
179
180
181
Buzz
183
184
185
186
Fizz
188
189
190
191
192
193
194
Buzz
196
197
Fizz
199
200
201
202
203
204
205
206
207
Buzz
Fizz
210
211
212
213
214
215
216
217
218
219
Fizz
Buzz
222
223
224
225
226
227
228
229
230
Fizz
232
233
Buzz
235
236
237
238
239
240
241
Fizz
243
244
245
246
Buzz
248
249
250
251
252
Fizz
254
255
256
257
258
259
Buzz
261
262
263
Fizz
265
266
267
268
269
270
271
272
Buzz
274
Fizz
276
277
278
279
280
281
282
283
284
285
FizzBuzz
287
288
289
290
291
292
293
294
295
296
Fizz
298
Buzz
300
301
302
303
304
305
306
307
Fizz
309
310
311
Buzz
313
314
315
316
317
318
Fizz
320
321
322
323
324
Buzz
326
327
328
329
Fizz
331
332
333
334
335
336
337
Buzz
339
340
Fizz
342
343
344
345
346
347
348
349
350
Buzz
Fizz
353
354
355
356
357
358
359
360
361
362
Fizz
Buzz
365
366
367
368
369
370
371
372
373
Fizz
375
376
Buzz
378
379
380
381
382
383
384
Fizz
386
387
388
389
Buzz
391
392
393
394
395
Fizz
397
398
399
400
401
402
Buzz
404
405
406
Fizz
408
409
410
411
412
413
414
415
Buzz
417
Fizz
419
420
421
422
423
424
425
426
427
428
FizzBuzz
430
431
432
433
434
435
436
437
438
439
Fizz
441
Buzz
443
444
445
446
447
448
449
450
Fizz
452
453
454
Buzz
456
457
458
459
460
461
Fizz
463
464
465
466
467
Buzz
469
470
471
472
Fizz
474
475
476
477
478
479
480
Buzz
482
483
Fizz
485
486
487
488
489
490
491
492
493
Buzz
Fizz
496
497
498
499
500
501
502
503
504
505
Fizz
Buzz
508
509
510
511
512
513
514
515
516
Fizz
518
519
Buzz
521
522
523
524
525
526
527
Fizz
529
530
531
532
Buzz
534
535
536
537
538
Fizz
540
541
542
543
544
545
Buzz
547
548
549
Fizz
551
552
553
554
555
556
557
558
Buzz
560
Fizz
562
563
564
565
566
567
568
569
570
571
FizzBuzz
573
574
575
576
577
578
579
580
581
582
Fizz
584
Buzz
586
587
588
589
590
591
592
593
Fizz
595
596
597
Buzz
599
600
601
602
603
604
Fizz
606
607
608
609
610
Buzz
612
613
614
615
Fizz
617
618
619
620
621
622
623
Buzz
625
626
Fizz
628
629
630
631
632
633
634
635
636
Buzz
Fizz
639
640
641
642
643
644
645
646
647
648
Fizz
Buzz
651
652
653
654
655
656
657
658
659
Fizz
661
662
Buzz
664
665
666
667
668
669
670
Fizz
672
673
674
675
Buzz
677
678
679
680
681
Fizz
683
684
685
686
687
688
Buzz
690
691
692
Fizz
694
695
696
697
698
699
700
701
Buzz
703
Fizz
705
706
707
708
709
710
711
712
713
714
FizzBuzz
716
717
718
719
720
721
722
723
724
725
Fizz
727
Buzz
729
730
731
732
733
734
735
736
Fizz
738
739
740
Buzz
742
743
744
745
746
747
Fizz
749
750
751
752
753
Buzz
755
756
757
758
Fizz
760
761
762
763
764
765
766
Buzz
768
769
Fizz
771
772
773
774
775
776
777
778
779
Buzz
Fizz
782
783
784
785
786
787
788
789
790
791
Fizz
Buzz
794
795
796
797
798
799
800
801
802
Fizz
804
805
Buzz
807
808
809
810
811
812
813
Fizz
815
816
817
818
Buzz
820
821
822
823
824
Fizz
826
827
828
829
830
831
Buzz
833
834
835
Fizz
837
838
839
840
841
842
843
844
Buzz
846
Fizz
848
849
850
851
852
853
854
855
856
857
FizzBuzz
859
860
861
862
863
864
865
866
867
868
Fizz
870
Buzz
872
873
874
875
876
877
878
879
Fizz
881
882
883
Buzz
885
886
887
888
889
890
Fizz
892
893
894
895
896
Buzz
898
899
900
901
Fizz
903
904
905
906
907
908
909
Buzz
911
912
Fizz
914
915
916
917
918
919
920
921
922
Buzz
Fizz
925
926
927
928
929
930
931
932
933
934
Fizz
Buzz
937
938
939
940
941
942
943
944
945
Fizz
947
948
Buzz
950
951
952
953
954
955
956
Fizz
958
959
960
961
Buzz
963
964
965
966
967
Fizz
969
970
971
972
973
974
Buzz
976
977
978
Fizz
980
981
982
983
984
985
986
987
Buzz
989
Fizz
991
992
993
994
995
996
997
998
999
