FizzBuzz
1
2
3
4
Fizz
6
Buzz
8
9
Fizz
11
12
13
Buzz
Fizz
16
17
18
19
Fizz
Buzz
22
23
24
Fizz
26
27
Buzz
29
Fizz
31
32
33
34
FizzBuzz
36
37
38
39
Fizz
41
Buzz
43
44
Fizz
46
47
48
Buzz
Fizz
51
52
53
54
Fizz
Buzz
57
58
59
Fizz
61
62
Buzz
64
Fizz
66
67
68
69
FizzBuzz
71
72
73
74
Fizz
76
Buzz
78
79
Fizz
81
82
83
Buzz
Fizz
86
87
88
89
Fizz
Buzz
92
93
94
Fizz
96
97
Buzz
99
Fizz
101
102
103
104
FizzBuzz
106
107
108
109
Fizz
111
Buzz
113
114
Fizz
116
117
118
Buzz
Fizz
121
122
123
124
Fizz
Buzz
127
128
129
Fizz
131
132
Buzz
134
Fizz
136
137
138
139
FizzBuzz
141
142
143
144
Fizz
146
Buzz
148
149
Fizz
151
152
153
Buzz
Fizz
156
157
158
159
Fizz
Buzz
162
163
164
Fizz
166
167
Buzz
169
Fizz
171
172
173
174
FizzBuzz
176
177
178
179
Fizz
181
Buzz
183
184
Fizz
186
187
188
Buzz
Fizz
191
192
193
194
Fizz
Buzz
197
198
199
Fizz
201
202
Buzz
204
Fizz
206
207
208
209
FizzBuzz
211
212
213
214
Fizz
216
Buzz
218
219
Fizz
221
222
223
Buzz
Fizz
226
227
228
229
Fizz
Buzz
232
233
234
Fizz
236
237
Buzz
239
Fizz
241
242
243
244
FizzBuzz
246
247
248
249
Fizz
251
Buzz
253
254
Fizz
256
257
258
Buzz
Fizz
261
262
263
264
Fizz
Buzz
267
268
269
Fizz
271
272
Buzz
274
Fizz
276
277
278
279
FizzBuzz
281
282
283
284
Fizz
286
Buzz
288
289
Fizz
291
292
293
Buzz
Fizz
296
297
298
299
Fizz
Buzz
302
303
304
Fizz
306
307
Buzz
309
Fizz
311
312
313
314
FizzBuzz
316
317
318
319
Fizz
321
Buzz
323
324
Fizz
326
327
328
Buzz
Fizz
331
332
333
334
Fizz
Buzz
337
338
339
Fizz
341
342
Buzz
344
Fizz
346
347
348
349
FizzBuzz
351
352
353
354
Fizz
356
Buzz
358
359
Fizz
361
362
363
Buzz
Fizz
366
367
368
369
Fizz
Buzz
372
373
374
Fizz
376
377
Buzz
379
Fizz
381
382
383
384
FizzBuzz
386
387
388
389
Fizz
391
Buzz
393
394
Fizz
396
397
398
Buzz
Fizz
401
402
403
404
Fizz
Buzz
407
408
409
Fizz
411
412
Buzz
414
Fizz
416
417
418
419
FizzBuzz
421
422
423
424
Fizz
426
Buzz
428
429
Fizz
431
432
433
Buzz
Fizz
436
437
438
439
Fizz
Buzz
442
443
444
Fizz
446
447
Buzz
449
Fizz
451
452
453
454
FizzBuzz
456
457
458
459
Fizz
461
Buzz
463
464
Fizz
466
467
468
Buzz
Fizz
471
472
473
474
Fizz
Buzz
477
478
479
Fizz
481
482
Buzz
484
Fizz
486
487
488
489
FizzBuzz
491
492
493
494
Fizz
496
Buzz
498
499
Fizz
501
502
503
Buzz
Fizz
506
507
508
509
Fizz
Buzz
512
513
514
Fizz
516
517
Buzz
519
Fizz
521
522
523
524
FizzBuzz
526
527
528
529
Fizz
531
Buzz
533
534
Fizz
536
537
538
Buzz
Fizz
541
542
543
544
Fizz
Buzz
547
548
549
Fizz
551
552
Buzz
554
Fizz
556
557
558
559
FizzBuzz
561
562
563
564
Fizz
566
Buzz
568
569
Fizz
571
572
573
Buzz
Fizz
576
577
578
579
Fizz
Buzz
582
583
584
Fizz
586
587
Buzz
589
Fizz
591
592
593
594
FizzBuzz
596
597
598
599
Fizz
601
Buzz
603
604
Fizz
606
607
608
Buzz
Fizz
611
612
613
614
Fizz
Buzz
617
618
619
Fizz
621
622
Buzz
624
Fizz
626
627
628
629
FizzBuzz
631
632
633
634
Fizz
636
Buzz
638
639
Fizz
641
642
643
Buzz
Fizz
646
647
648
649
Fizz
Buzz
652
653
654
Fizz
656
657
Buzz
659
Fizz
661
662
663
664
FizzBuzz
666
667
668
669
Fizz
671
Buzz
673
674
Fizz
676
677
678
Buzz
Fizz
681
682
683
684
Fizz
Buzz
687
688
689
Fizz
691
692
Buzz
694
Fizz
696
697
698
699
FizzBuzz
701
702
703
704
Fizz
706
Buzz
708
709
Fizz
711
712
713
Buzz
Fizz
716
717
718
719
Fizz
Buzz
722
723
724
Fizz
726
727
Buzz
729
Fizz
731
732
733
734
FizzBuzz
736
737
738
739
Fizz
741
Buzz
743
744
Fizz
746
747
748
Buzz
Fizz
751
752
753
754
Fizz
Buzz
757
758
759
Fizz
761
762
Buzz
764
Fizz
766
767
768
769
FizzBuzz
771
772
773
774
Fizz
776
Buzz
778
779
Fizz
781
782
783
Buzz
Fizz
786
787
788
789
Fizz
Buzz
792
793
794
Fizz
796
797
Buzz
799
Fizz
801
802
803
804
FizzBuzz
806
807
808
809
Fizz
811
Buzz
813
814
Fizz
816
817
818
Buzz
Fizz
821
822
823
824
Fizz
Buzz
827
828
829
Fizz
831
832
Buzz
834
Fizz
836
837
838
839
FizzBuzz
841
842
843
844
Fizz
846
Buzz
848
849
Fizz
851
852
853
Buzz
Fizz
856
857
858
859
Fizz
Buzz
862
863
864
Fizz
866
867
Buzz
869
Fizz
871
872
873
874
FizzBuzz
876
877
878
879
Fizz
881
Buzz
883
884
Fizz
886
887
888
Buzz
Fizz
891
892
893
894
Fizz
Buzz
897
898
899
Fizz
901
902
Buzz
904
Fizz
906
907
908
909
FizzBuzz
911
912
913
914
Fizz
916
Buzz
918
919
Fizz
921
922
923
Buzz
Fizz
926
927
928
929
Fizz
Buzz
932
933
934
Fizz
936
937
Buzz
939
Fizz
941
942
943
944
FizzBuzz
946
947
948
949
Fizz
951
Buzz
953
954
Fizz
956
957
958
Buzz
Fizz
961
962
963
964
Fizz
Buzz
967
968
969
Fizz
971
972
Buzz
974
Fizz
976
977
978
979
FizzBuzz
981
982
983
984
Fizz
986
Buzz
988
989
Fizz
991
992
993
Buzz
Fizz
996
997
998
999
