FizzBuzz
1
2
3
4
5
6
Fizz
8
Buzz
10
11
12
13
Fizz
15
16
17
Buzz
19
20
Fizz
22
23
24
25
26
Buzz
Fizz
29
30
31
32
33
34
Fizz
Buzz
37
38
39
40
41
Fizz
43
44
Buzz
46
47
48
Fizz
50
51
52
53
Buzz
55
Fizz
57
58
59
60
61
62
FizzBuzz
64
65
66
67
68
69
Fizz
71
Buzz
73
74
75
76
Fizz
78
79
80
Buzz
82
83
Fizz
85
86
87
88
89
Buzz
Fizz
92
93
94
95
96
97
Fizz
Buzz
100
101
102
103
104
Fizz
106
107
Buzz
109
110
111
Fizz
113
114
115
116
Buzz
118
Fizz
120
121
122
123
124
125
FizzBuzz
127
128
129
130
131
132
Fizz
134
Buzz
136
137
138
139
Fizz
141
142
143
Buzz
145
146
Fizz
148
149
150
151
152
Buzz
Fizz
155
156
157
158
159
160
Fizz
Buzz
163
164
165
166
167
Fizz
169
170
Buzz
172
173
174
Fizz
176
177
178
179
Buzz
181
Fizz
183
184
185
186
187
188
FizzBuzz
190
191
192
193
194
195
Fizz
197
Buzz
199
200
201
202
Fizz
204
205
206
Buzz
208
209
Fizz
211
212
213
214
215
Buzz
Fizz
218
219
220
221
222
223
Fizz
Buzz
226
227
228
229
230
Fizz
232
233
Buzz
235
236
237
Fizz
239
240
241
242
Buzz
244
Fizz
246
247
248
249
250
251
FizzBuzz
253
254
255
256
257
258
Fizz
260
Buzz
262
263
264
265
Fizz
267
268
269
Buzz
271
272
Fizz
274
275
276
277
278
Buzz
Fizz
281
282
283
284
285
286
Fizz
Buzz
289
290
291
292
293
Fizz
295
296
Buzz
298
299
300
Fizz
302
303
304
305
Buzz
307
Fizz
309
310
311
312
313
314
FizzBuzz
316
317
318
319
320
321
Fizz
323
Buzz
325
326
327
328
Fizz
330
331
332
Buzz
334
335
Fizz
337
338
339
340
341
Buzz
Fizz
344
345
346
347
348
349
Fizz
Buzz
352
353
354
355
356
Fizz
358
359
Buzz
361
362
363
Fizz
365
366
367
368
Buzz
370
Fizz
372
373
374
375
376
377
FizzBuzz
379
380
381
382
383
384
Fizz
386
Buzz
388
389
390
391
Fizz
393
394
395
Buzz
397
398
Fizz
400
401
402
403
404
Buzz
Fizz
407
408
409
410
411
412
Fizz
Buzz
415
416
417
418
419
Fizz
421
422
Buzz
424
425
426
Fizz
428
429
430
431
Buzz
433
Fizz
435
436
437
438
439
440
FizzBuzz
442
443
444
445
446
447
Fizz
449
Buzz
451
452
453
454
Fizz
456
457
458
Buzz
460
461
Fizz
463
464
465
466
467
Buzz
Fizz
470
471
472
473
474
475
Fizz
Buzz
478
479
480
481
482
Fizz
484
485
Buzz
487
488
489
Fizz
491
492
493
494
Buzz
496
Fizz
498
499
500
501
502
503
FizzBuzz
505
506
507
508
509
510
Fizz
512
Buzz
514
515
516
517
Fizz
519
520
521
Buzz
523
524
Fizz
526
527
528
529
530
Buzz
Fizz
533
534
535
536
537
538
Fizz
Buzz
541
542
543
544
545
Fizz
547
548
Buzz
550
551
552
Fizz
554
555
556
557
Buzz
559
Fizz
561
562
563
564
565
566
FizzBuzz
568
569
570
571
572
573
Fizz
575
Buzz
577
578
579
580
Fizz
582
583
584
Buzz
586
587
Fizz
589
590
591
592
593
Buzz
Fizz
596
597
598
599
600
601
Fizz
Buzz
604
605
606
607
608
Fizz
610
611
Buzz
613
614
615
Fizz
617
618
619
620
Buzz
622
Fizz
624
625
626
627
628
629
FizzBuzz
631
632
633
634
635
636
Fizz
638
Buzz
640
641
642
643
Fizz
645
646
647
Buzz
649
650
Fizz
652
653
654
655
656
Buzz
Fizz
659
660
661
662
663
664
Fizz
Buzz
667
668
669
670
671
Fizz
673
674
Buzz
676
677
678
Fizz
680
681
682
683
Buzz
685
Fizz
687
688
689
690
691
692
FizzBuzz
694
695
696
697
698
699
Fizz
701
Buzz
703
704
705
706
Fizz
708
709
710
Buzz
712
713
Fizz
715
716
717
718
719
Buzz
Fizz
722
723
724
725
726
727
Fizz
Buzz
730
731
732
733
734
Fizz
736
737
Buzz
739
740
741
Fizz
743
744
745
746
Buzz
748
Fizz
750
751
752
753
754
755
FizzBuzz
757
758
759
760
761
762
Fizz
764
Buzz
766
767
768
769
Fizz
771
772
773
Buzz
775
776
Fizz
778
779
780
781
782
Buzz
Fizz
785
786
787
788
789
790
Fizz
Buzz
793
794
795
796
797
Fizz
799
800
Buzz
802
803
804
Fizz
806
807
808
809
Buzz
811
Fizz
813
814
815
816
817
818
FizzBuzz
820
821
822
823
824
825
Fizz
827
Buzz
829
830
831
832
Fizz
834
835
836
Buzz
838
839
Fizz
841
842
843
844
845
Buzz
Fizz
848
849
850
851
852
853
Fizz
Buzz
856
857
858
859
860
Fizz
862
863
Buzz
865
866
867
Fizz
869
870
871
872
Buzz
874
Fizz
876
877
878
879
880
881
FizzBuzz
883
884
885
886
887
888
Fizz
890
Buzz
892
893
894
895
Fizz
897
898
899
Buzz
901
902
Fizz
904
905
906
907
908
Buzz
Fizz
911
912
913
914
915
916
Fizz
Buzz
919
920
921
922
923
Fizz
925
926
Buzz
928
929
930
Fizz
932
933
934
935
Buzz
937
Fizz
939
940
941
942
943
944
FizzBuzz
946
947
948
949
950
951
Fizz
953
Buzz
955
956
957
958
Fizz
960
961
962
Buzz
964
965
Fizz
967
968
969
970
971
Buzz
Fizz
974
975
976
977
978
979
Fizz
Buzz
982
983
984
985
986
Fizz
988
989
Buzz
991
992
993
Fizz
995
996
997
998
Buzz
